{"D:\\Pae\\repositorioJuegos\\games-repository-api\\src\\app.ts": {"path":"D:\\Pae\\repositorioJuegos\\games-repository-api\\src\\app.ts","statementMap":{"0":{"start":{"line":1,"column":0},"end":{"line":1,"column":29}},"1":{"start":{"line":3,"column":0},"end":{"line":3,"column":40}},"2":{"start":{"line":4,"column":0},"end":{"line":4,"column":68}},"3":{"start":{"line":7,"column":24},"end":{"line":7,"column":33}},"4":{"start":{"line":8,"column":0},"end":{"line":8,"column":24}},"5":{"start":{"line":9,"column":0},"end":{"line":9,"column":22}},"6":{"start":{"line":10,"column":0},"end":{"line":10,"column":18}},"7":{"start":{"line":11,"column":0},"end":{"line":11,"column":23}},"8":{"start":{"line":15,"column":0},"end":{"line":15,"column":19}}},"fnMap":{},"branchMap":{},"s":{"0":2,"1":2,"2":2,"3":2,"4":2,"5":2,"6":2,"7":2,"8":2},"f":{},"b":{}}
,"D:\\Pae\\repositorioJuegos\\games-repository-api\\src\\config\\database.ts": {"path":"D:\\Pae\\repositorioJuegos\\games-repository-api\\src\\config\\database.ts","statementMap":{"0":{"start":{"line":1,"column":0},"end":{"line":1,"column":49}},"1":{"start":{"line":2,"column":0},"end":{"line":2,"column":35}},"2":{"start":{"line":3,"column":0},"end":{"line":3,"column":38}},"3":{"start":{"line":5,"column":63},"end":{"line":5,"column":69}},"4":{"start":{"line":9,"column":19},"end":{"line":9,"column":27}},"5":{"start":{"line":12,"column":18},"end":{"line":21,"column":2}},"6":{"start":{"line":23,"column":0},"end":{"line":23,"column":25}}},"fnMap":{},"branchMap":{},"s":{"0":1,"1":1,"2":1,"3":1,"4":1,"5":1,"6":1},"f":{},"b":{}}
,"D:\\Pae\\repositorioJuegos\\games-repository-api\\src\\config\\general.ts": {"path":"D:\\Pae\\repositorioJuegos\\games-repository-api\\src\\config\\general.ts","statementMap":{"0":{"start":{"line":2,"column":0},"end":{"line":2,"column":28}},"1":{"start":{"line":5,"column":0},"end":{"line":5,"column":16}},"2":{"start":{"line":7,"column":13},"end":{"line":14,"column":2}}},"fnMap":{},"branchMap":{"0":{"loc":{"start":{"line":8,"column":10},"end":{"line":8,"column":34}},"type":"binary-expr","locations":[{"start":{"line":8,"column":10},"end":{"line":8,"column":26}},{"start":{"line":8,"column":30},"end":{"line":8,"column":34}}]},"1":{"loc":{"start":{"line":10,"column":21},"end":{"line":10,"column":50}},"type":"binary-expr","locations":[{"start":{"line":10,"column":21},"end":{"line":10,"column":40}},{"start":{"line":10,"column":44},"end":{"line":10,"column":50}}]}},"s":{"0":2,"1":2,"2":2},"f":{},"b":{"0":[2,0],"1":[2,0]}}
,"D:\\Pae\\repositorioJuegos\\games-repository-api\\src\\controllers\\ping.ts": {"path":"D:\\Pae\\repositorioJuegos\\games-repository-api\\src\\controllers\\ping.ts","statementMap":{"0":{"start":{"line":5,"column":8},"end":{"line":5,"column":null}},"1":{"start":{"line":3,"column":0},"end":{"line":3,"column":13}}},"fnMap":{"0":{"name":"(anonymous_0)","decl":{"start":{"line":4,"column":4},"end":{"line":4,"column":10}},"loc":{"start":{"line":4,"column":46},"end":{"line":6,"column":5}}}},"branchMap":{},"s":{"0":2,"1":4},"f":{"0":2},"b":{}}
,"D:\\Pae\\repositorioJuegos\\games-repository-api\\src\\middlewares\\errorHandler.ts": {"path":"D:\\Pae\\repositorioJuegos\\games-repository-api\\src\\middlewares\\errorHandler.ts","statementMap":{"0":{"start":{"line":3,"column":24},"end":{"line":14,"column":1}},"1":{"start":{"line":4,"column":22},"end":{"line":4,"column":46}},"2":{"start":{"line":5,"column":19},"end":{"line":5,"column":29}},"3":{"start":{"line":6,"column":21},"end":{"line":6,"column":36}},"4":{"start":{"line":8,"column":4},"end":{"line":8,"column":83}},"5":{"start":{"line":12,"column":4},"end":{"line":12,"column":16}},"6":{"start":{"line":3,"column":13},"end":{"line":3,"column":24}},"7":{"start":{"line":18,"column":29},"end":{"line":27,"column":1}},"8":{"start":{"line":19,"column":23},"end":{"line":19,"column":44}},"9":{"start":{"line":21,"column":4},"end":{"line":24,"column":7}},"10":{"start":{"line":25,"column":4},"end":{"line":25,"column":16}},"11":{"start":{"line":18,"column":13},"end":{"line":18,"column":29}}},"fnMap":{"0":{"name":"(anonymous_0)","decl":{"start":{"line":3,"column":24},"end":{"line":3,"column":25}},"loc":{"start":{"line":3,"column":86},"end":{"line":14,"column":1}}},"1":{"name":"(anonymous_1)","decl":{"start":{"line":18,"column":29},"end":{"line":18,"column":30}},"loc":{"start":{"line":18,"column":91},"end":{"line":27,"column":1}}}},"branchMap":{"0":{"loc":{"start":{"line":19,"column":23},"end":{"line":19,"column":44}},"type":"binary-expr","locations":[{"start":{"line":19,"column":23},"end":{"line":19,"column":37}},{"start":{"line":19,"column":41},"end":{"line":19,"column":44}}]},"1":{"loc":{"start":{"line":23,"column":17},"end":{"line":23,"column":64}},"type":"binary-expr","locations":[{"start":{"line":23,"column":17},"end":{"line":23,"column":42}},{"start":{"line":23,"column":46},"end":{"line":23,"column":64}}]}},"s":{"0":3,"1":2,"2":2,"3":2,"4":2,"5":2,"6":3,"7":3,"8":2,"9":2,"10":2,"11":3},"f":{"0":2,"1":2},"b":{"0":[2,0],"1":[2,0]}}
,"D:\\Pae\\repositorioJuegos\\games-repository-api\\src\\middlewares\\middlewareGames.ts": {"path":"D:\\Pae\\repositorioJuegos\\games-repository-api\\src\\middlewares\\middlewareGames.ts","statementMap":{"0":{"start":{"line":6,"column":23},"end":{"line":29,"column":1}},"1":{"start":{"line":7,"column":4},"end":{"line":28,"column":9}},"2":{"start":{"line":13,"column":12},"end":{"line":16,"column":13}},"3":{"start":{"line":14,"column":17},"end":{"line":14,"column":null}},"4":{"start":{"line":15,"column":17},"end":{"line":15,"column":null}},"5":{"start":{"line":17,"column":12},"end":{"line":17,"column":18}},"6":{"start":{"line":20,"column":12},"end":{"line":23,"column":13}},"7":{"start":{"line":21,"column":16},"end":{"line":21,"column":null}},"8":{"start":{"line":22,"column":16},"end":{"line":22,"column":null}},"9":{"start":{"line":24,"column":12},"end":{"line":24,"column":18}},"10":{"start":{"line":26,"column":12},"end":{"line":26,"column":18}},"11":{"start":{"line":31,"column":31},"end":{"line":46,"column":1}},"12":{"start":{"line":32,"column":35},"end":{"line":32,"column":43}},"13":{"start":{"line":34,"column":49},"end":{"line":34,"column":124}},"14":{"start":{"line":36,"column":4},"end":{"line":44,"column":5}},"15":{"start":{"line":37,"column":8},"end":{"line":40,"column":9}},"16":{"start":{"line":38,"column":12},"end":{"line":38,"column":null}},"17":{"start":{"line":39,"column":12},"end":{"line":39,"column":null}},"18":{"start":{"line":43,"column":8},"end":{"line":43,"column":44}},"19":{"start":{"line":45,"column":4},"end":{"line":45,"column":11}},"20":{"start":{"line":31,"column":13},"end":{"line":31,"column":31}},"21":{"start":{"line":48,"column":35},"end":{"line":63,"column":1}},"22":{"start":{"line":49,"column":41},"end":{"line":49,"column":49}},"23":{"start":{"line":51,"column":52},"end":{"line":51,"column":127}},"24":{"start":{"line":53,"column":4},"end":{"line":60,"column":5}},"25":{"start":{"line":54,"column":8},"end":{"line":57,"column":9}},"26":{"start":{"line":55,"column":12},"end":{"line":55,"column":null}},"27":{"start":{"line":56,"column":12},"end":{"line":56,"column":null}},"28":{"start":{"line":59,"column":8},"end":{"line":59,"column":44}},"29":{"start":{"line":61,"column":4},"end":{"line":61,"column":11}},"30":{"start":{"line":48,"column":13},"end":{"line":48,"column":35}},"31":{"start":{"line":65,"column":26},"end":{"line":80,"column":1}},"32":{"start":{"line":66,"column":21},"end":{"line":66,"column":34}},"33":{"start":{"line":67,"column":3},"end":{"line":70,"column":5}},"34":{"start":{"line":68,"column":8},"end":{"line":68,"column":null}},"35":{"start":{"line":69,"column":8},"end":{"line":69,"column":null}},"36":{"start":{"line":72,"column":3},"end":{"line":75,"column":4}},"37":{"start":{"line":73,"column":4},"end":{"line":73,"column":null}},"38":{"start":{"line":74,"column":4},"end":{"line":74,"column":null}},"39":{"start":{"line":78,"column":3},"end":{"line":78,"column":10}},"40":{"start":{"line":65,"column":13},"end":{"line":65,"column":26}}},"fnMap":{"0":{"name":"(anonymous_0)","decl":{"start":{"line":6,"column":23},"end":{"line":6,"column":24}},"loc":{"start":{"line":6,"column":91},"end":{"line":29,"column":1}}},"1":{"name":"(anonymous_1)","decl":{"start":{"line":31,"column":31},"end":{"line":31,"column":32}},"loc":{"start":{"line":31,"column":82},"end":{"line":46,"column":1}}},"2":{"name":"(anonymous_2)","decl":{"start":{"line":48,"column":35},"end":{"line":48,"column":36}},"loc":{"start":{"line":48,"column":86},"end":{"line":63,"column":1}}},"3":{"name":"(anonymous_3)","decl":{"start":{"line":65,"column":26},"end":{"line":65,"column":27}},"loc":{"start":{"line":65,"column":78},"end":{"line":80,"column":1}}}},"branchMap":{"0":{"loc":{"start":{"line":7,"column":4},"end":{"line":28,"column":9}},"type":"switch","locations":[{"start":{"line":8,"column":8},"end":{"line":8,"column":20}},{"start":{"line":9,"column":8},"end":{"line":9,"column":23}},{"start":{"line":10,"column":8},"end":{"line":10,"column":21}},{"start":{"line":11,"column":8},"end":{"line":11,"column":26}},{"start":{"line":12,"column":8},"end":{"line":17,"column":18}},{"start":{"line":18,"column":8},"end":{"line":18,"column":24}},{"start":{"line":19,"column":8},"end":{"line":24,"column":18}},{"start":{"line":25,"column":8},"end":{"line":26,"column":18}}]},"1":{"loc":{"start":{"line":13,"column":12},"end":{"line":16,"column":13}},"type":"if","locations":[{"start":{"line":13,"column":12},"end":{"line":16,"column":13}}]},"2":{"loc":{"start":{"line":20,"column":12},"end":{"line":23,"column":13}},"type":"if","locations":[{"start":{"line":20,"column":12},"end":{"line":23,"column":13}}]},"3":{"loc":{"start":{"line":37,"column":8},"end":{"line":40,"column":9}},"type":"if","locations":[{"start":{"line":37,"column":8},"end":{"line":40,"column":9}}]},"4":{"loc":{"start":{"line":54,"column":8},"end":{"line":57,"column":9}},"type":"if","locations":[{"start":{"line":54,"column":8},"end":{"line":57,"column":9}}]},"5":{"loc":{"start":{"line":67,"column":3},"end":{"line":70,"column":5}},"type":"if","locations":[{"start":{"line":67,"column":3},"end":{"line":70,"column":5}}]},"6":{"loc":{"start":{"line":72,"column":3},"end":{"line":75,"column":4}},"type":"if","locations":[{"start":{"line":72,"column":3},"end":{"line":75,"column":4}}]}},"s":{"0":5,"1":33,"2":23,"3":3,"4":3,"5":23,"6":9,"7":1,"8":1,"9":9,"10":1,"11":5,"12":4,"13":4,"14":4,"15":28,"16":4,"17":4,"18":28,"19":4,"20":5,"21":5,"22":4,"23":4,"24":4,"25":5,"26":1,"27":1,"28":5,"29":4,"30":5,"31":5,"32":5,"33":5,"34":1,"35":1,"36":5,"37":3,"38":3,"39":5,"40":5},"f":{"0":33,"1":4,"2":4,"3":5},"b":{"0":[7,11,15,19,23,4,9,1],"1":[3],"2":[1],"3":[4],"4":[1],"5":[1],"6":[3]}}
,"D:\\Pae\\repositorioJuegos\\games-repository-api\\src\\models\\Person.ts": {"path":"D:\\Pae\\repositorioJuegos\\games-repository-api\\src\\models\\Person.ts","statementMap":{"0":{"start":{"line":2,"column":0},"end":{"line":2,"column":52}},"1":{"start":{"line":11,"column":1},"end":{"line":11,"column":null}},"2":{"start":{"line":12,"column":21},"end":{"line":12,"column":26}},"3":{"start":{"line":12,"column":0},"end":{"line":12,"column":6}},"4":{"start":{"line":12,"column":6},"end":{"line":12,"column":12}},"5":{"start":{"line":14,"column":0},"end":{"line":14,"column":22}}},"fnMap":{},"branchMap":{},"s":{"0":1,"1":1,"2":1,"3":1,"4":1,"5":1},"f":{},"b":{}}
,"D:\\Pae\\repositorioJuegos\\games-repository-api\\src\\models\\game.ts": {"path":"D:\\Pae\\repositorioJuegos\\games-repository-api\\src\\models\\game.ts","statementMap":{"0":{"start":{"line":28,"column":8},"end":{"line":28,"column":34}},"1":{"start":{"line":29,"column":8},"end":{"line":29,"column":38}},"2":{"start":{"line":30,"column":8},"end":{"line":30,"column":38}},"3":{"start":{"line":31,"column":8},"end":{"line":31,"column":44}},"4":{"start":{"line":32,"column":8},"end":{"line":32,"column":46}},"5":{"start":{"line":33,"column":8},"end":{"line":33,"column":39}},"6":{"start":{"line":34,"column":8},"end":{"line":34,"column":47}},"7":{"start":{"line":35,"column":8},"end":{"line":35,"column":50}},"8":{"start":{"line":36,"column":8},"end":{"line":36,"column":38}},"9":{"start":{"line":41,"column":8},"end":{"line":41,"column":24}},"10":{"start":{"line":44,"column":8},"end":{"line":44,"column":26}},"11":{"start":{"line":47,"column":8},"end":{"line":47,"column":29}},"12":{"start":{"line":50,"column":8},"end":{"line":50,"column":26}},"13":{"start":{"line":53,"column":8},"end":{"line":53,"column":30}},"14":{"start":{"line":56,"column":8},"end":{"line":56,"column":27}},"15":{"start":{"line":59,"column":8},"end":{"line":59,"column":31}},"16":{"start":{"line":62,"column":8},"end":{"line":62,"column":26}},"17":{"start":{"line":65,"column":8},"end":{"line":65,"column":26}},"18":{"start":{"line":70,"column":8},"end":{"line":70,"column":28}},"19":{"start":{"line":73,"column":8},"end":{"line":73,"column":31}},"20":{"start":{"line":76,"column":8},"end":{"line":76,"column":28}},"21":{"start":{"line":79,"column":8},"end":{"line":79,"column":32}},"22":{"start":{"line":82,"column":8},"end":{"line":82,"column":29}},"23":{"start":{"line":85,"column":8},"end":{"line":85,"column":null}},"24":{"start":{"line":88,"column":8},"end":{"line":88,"column":28}},"25":{"start":{"line":91,"column":8},"end":{"line":91,"column":28}},"26":{"start":{"line":15,"column":0},"end":{"line":15,"column":13}}},"fnMap":{"0":{"name":"(anonymous_0)","decl":{"start":{"line":27,"column":4},"end":{"line":27,"column":16}},"loc":{"start":{"line":27,"column":33},"end":{"line":38,"column":5}}},"1":{"name":"(anonymous_1)","decl":{"start":{"line":40,"column":4},"end":{"line":40,"column":8}},"loc":{"start":{"line":40,"column":10},"end":{"line":42,"column":5}}},"2":{"name":"(anonymous_2)","decl":{"start":{"line":43,"column":4},"end":{"line":43,"column":8}},"loc":{"start":{"line":43,"column":12},"end":{"line":45,"column":5}}},"3":{"name":"(anonymous_3)","decl":{"start":{"line":46,"column":4},"end":{"line":46,"column":8}},"loc":{"start":{"line":46,"column":15},"end":{"line":48,"column":5}}},"4":{"name":"(anonymous_4)","decl":{"start":{"line":49,"column":4},"end":{"line":49,"column":8}},"loc":{"start":{"line":49,"column":12},"end":{"line":51,"column":5}}},"5":{"name":"(anonymous_5)","decl":{"start":{"line":52,"column":4},"end":{"line":52,"column":8}},"loc":{"start":{"line":52,"column":16},"end":{"line":54,"column":5}}},"6":{"name":"(anonymous_6)","decl":{"start":{"line":55,"column":4},"end":{"line":55,"column":8}},"loc":{"start":{"line":55,"column":13},"end":{"line":57,"column":5}}},"7":{"name":"(anonymous_7)","decl":{"start":{"line":58,"column":4},"end":{"line":58,"column":8}},"loc":{"start":{"line":58,"column":17},"end":{"line":60,"column":5}}},"8":{"name":"(anonymous_8)","decl":{"start":{"line":61,"column":4},"end":{"line":61,"column":8}},"loc":{"start":{"line":61,"column":18},"end":{"line":63,"column":5}}},"9":{"name":"(anonymous_9)","decl":{"start":{"line":64,"column":4},"end":{"line":64,"column":8}},"loc":{"start":{"line":64,"column":12},"end":{"line":66,"column":5}}},"10":{"name":"(anonymous_10)","decl":{"start":{"line":69,"column":4},"end":{"line":69,"column":8}},"loc":{"start":{"line":69,"column":27},"end":{"line":71,"column":5}}},"11":{"name":"(anonymous_11)","decl":{"start":{"line":72,"column":4},"end":{"line":72,"column":8}},"loc":{"start":{"line":72,"column":30},"end":{"line":74,"column":5}}},"12":{"name":"(anonymous_12)","decl":{"start":{"line":75,"column":4},"end":{"line":75,"column":8}},"loc":{"start":{"line":75,"column":27},"end":{"line":77,"column":5}}},"13":{"name":"(anonymous_13)","decl":{"start":{"line":78,"column":4},"end":{"line":78,"column":8}},"loc":{"start":{"line":78,"column":33},"end":{"line":80,"column":5}}},"14":{"name":"(anonymous_14)","decl":{"start":{"line":81,"column":4},"end":{"line":81,"column":8}},"loc":{"start":{"line":81,"column":28},"end":{"line":83,"column":5}}},"15":{"name":"(anonymous_15)","decl":{"start":{"line":84,"column":4},"end":{"line":84,"column":8}},"loc":{"start":{"line":84,"column":34},"end":{"line":86,"column":5}}},"16":{"name":"(anonymous_16)","decl":{"start":{"line":87,"column":4},"end":{"line":87,"column":8}},"loc":{"start":{"line":87,"column":33},"end":{"line":89,"column":5}}},"17":{"name":"(anonymous_17)","decl":{"start":{"line":90,"column":4},"end":{"line":90,"column":8}},"loc":{"start":{"line":90,"column":26},"end":{"line":92,"column":5}}}},"branchMap":{},"s":{"0":3,"1":3,"2":3,"3":3,"4":3,"5":3,"6":3,"7":3,"8":3,"9":2,"10":3,"11":3,"12":3,"13":2,"14":2,"15":2,"16":2,"17":2,"18":1,"19":1,"20":1,"21":1,"22":1,"23":1,"24":1,"25":1,"26":7},"f":{"0":3,"1":2,"2":3,"3":3,"4":3,"5":2,"6":2,"7":2,"8":2,"9":2,"10":1,"11":1,"12":1,"13":1,"14":1,"15":1,"16":1,"17":1},"b":{}}
,"D:\\Pae\\repositorioJuegos\\games-repository-api\\src\\routes\\gamesRouter.ts": {"path":"D:\\Pae\\repositorioJuegos\\games-repository-api\\src\\routes\\gamesRouter.ts","statementMap":{"0":{"start":{"line":2,"column":0},"end":{"line":2,"column":60}},"1":{"start":{"line":3,"column":0},"end":{"line":3,"column":68}},"2":{"start":{"line":4,"column":0},"end":{"line":4,"column":96}},"3":{"start":{"line":6,"column":13},"end":{"line":6,"column":null}},"4":{"start":{"line":7,"column":32},"end":{"line":7,"column":57}},"5":{"start":{"line":9,"column":0},"end":{"line":22,"column":null}},"6":{"start":{"line":10,"column":4},"end":{"line":21,"column":5}},"7":{"start":{"line":11,"column":8},"end":{"line":17,"column":9}},"8":{"start":{"line":12,"column":32},"end":{"line":12,"column":54}},"9":{"start":{"line":13,"column":12},"end":{"line":13,"column":null}},"10":{"start":{"line":14,"column":12},"end":{"line":14,"column":null}},"11":{"start":{"line":16,"column":12},"end":{"line":16,"column":null}},"12":{"start":{"line":20,"column":8},"end":{"line":20,"column":18}},"13":{"start":{"line":23,"column":0},"end":{"line":39,"column":null}},"14":{"start":{"line":25,"column":4},"end":{"line":38,"column":5}},"15":{"start":{"line":26,"column":8},"end":{"line":34,"column":9}},"16":{"start":{"line":27,"column":24},"end":{"line":27,"column":34}},"17":{"start":{"line":28,"column":25},"end":{"line":28,"column":57}},"18":{"start":{"line":29,"column":12},"end":{"line":29,"column":null}},"19":{"start":{"line":30,"column":12},"end":{"line":30,"column":27}},"20":{"start":{"line":33,"column":12},"end":{"line":33,"column":null}},"21":{"start":{"line":37,"column":8},"end":{"line":37,"column":18}},"22":{"start":{"line":41,"column":0},"end":{"line":56,"column":null}},"23":{"start":{"line":42,"column":4},"end":{"line":55,"column":5}},"24":{"start":{"line":43,"column":8},"end":{"line":51,"column":9}},"25":{"start":{"line":44,"column":23},"end":{"line":44,"column":31}},"26":{"start":{"line":45,"column":24},"end":{"line":45,"column":48}},"27":{"start":{"line":46,"column":8},"end":{"line":46,"column":24}},"28":{"start":{"line":47,"column":8},"end":{"line":47,"column":26}},"29":{"start":{"line":50,"column":12},"end":{"line":50,"column":null}},"30":{"start":{"line":54,"column":8},"end":{"line":54,"column":18}},"31":{"start":{"line":58,"column":0},"end":{"line":75,"column":null}},"32":{"start":{"line":60,"column":4},"end":{"line":74,"column":5}},"33":{"start":{"line":62,"column":8},"end":{"line":70,"column":9}},"34":{"start":{"line":63,"column":25},"end":{"line":63,"column":35}},"35":{"start":{"line":64,"column":27},"end":{"line":64,"column":30}},"36":{"start":{"line":65,"column":25},"end":{"line":65,"column":59}},"37":{"start":{"line":66,"column":12},"end":{"line":66,"column":28}},"38":{"start":{"line":67,"column":12},"end":{"line":67,"column":27}},"39":{"start":{"line":69,"column":12},"end":{"line":69,"column":null}},"40":{"start":{"line":73,"column":8},"end":{"line":73,"column":18}},"41":{"start":{"line":77,"column":0},"end":{"line":77,"column":27}}},"fnMap":{"0":{"name":"(anonymous_1)","decl":{"start":{"line":9,"column":21},"end":{"line":9,"column":22}},"loc":{"start":{"line":9,"column":68},"end":{"line":22,"column":1}}},"1":{"name":"(anonymous_2)","decl":{"start":{"line":23,"column":35},"end":{"line":23,"column":36}},"loc":{"start":{"line":23,"column":81},"end":{"line":39,"column":1}}},"2":{"name":"(anonymous_3)","decl":{"start":{"line":41,"column":37},"end":{"line":41,"column":38}},"loc":{"start":{"line":41,"column":83},"end":{"line":56,"column":1}}},"3":{"name":"(anonymous_4)","decl":{"start":{"line":58,"column":46},"end":{"line":58,"column":47}},"loc":{"start":{"line":58,"column":92},"end":{"line":75,"column":1}}}},"branchMap":{"0":{"loc":{"start":{"line":11,"column":8},"end":{"line":17,"column":9}},"type":"if","locations":[{"start":{"line":11,"column":8},"end":{"line":17,"column":9}},{"start":{"line":15,"column":13},"end":{"line":17,"column":9}}]},"1":{"loc":{"start":{"line":26,"column":8},"end":{"line":34,"column":9}},"type":"if","locations":[{"start":{"line":26,"column":8},"end":{"line":34,"column":9}},{"start":{"line":32,"column":13},"end":{"line":34,"column":9}}]},"2":{"loc":{"start":{"line":43,"column":8},"end":{"line":51,"column":9}},"type":"if","locations":[{"start":{"line":43,"column":8},"end":{"line":51,"column":9}},{"start":{"line":49,"column":13},"end":{"line":51,"column":9}}]},"3":{"loc":{"start":{"line":62,"column":8},"end":{"line":70,"column":9}},"type":"if","locations":[{"start":{"line":62,"column":8},"end":{"line":70,"column":9}},{"start":{"line":68,"column":13},"end":{"line":70,"column":9}}]}},"s":{"0":4,"1":4,"2":4,"3":4,"4":4,"5":4,"6":2,"7":2,"8":2,"9":2,"10":2,"11":0,"12":0,"13":4,"14":0,"15":0,"16":0,"17":0,"18":0,"19":0,"20":0,"21":0,"22":4,"23":0,"24":0,"25":0,"26":0,"27":0,"28":0,"29":0,"30":0,"31":4,"32":0,"33":0,"34":0,"35":0,"36":0,"37":0,"38":0,"39":0,"40":0,"41":4},"f":{"0":2,"1":0,"2":0,"3":0},"b":{"0":[2,0],"1":[0,0],"2":[0,0],"3":[0,0]}}
,"D:\\Pae\\repositorioJuegos\\games-repository-api\\src\\routes\\index.ts": {"path":"D:\\Pae\\repositorioJuegos\\games-repository-api\\src\\routes\\index.ts","statementMap":{"0":{"start":{"line":5,"column":0},"end":{"line":5,"column":24}},"1":{"start":{"line":1,"column":0},"end":{"line":1,"column":44}},"2":{"start":{"line":2,"column":0},"end":{"line":2,"column":31}},"3":{"start":{"line":3,"column":0},"end":{"line":3,"column":47}},"4":{"start":{"line":11,"column":26},"end":{"line":11,"column":34}},"5":{"start":{"line":12,"column":3},"end":{"line":12,"column":24}},"6":{"start":{"line":13,"column":3},"end":{"line":13,"column":null}},"7":{"start":{"line":14,"column":3},"end":{"line":14,"column":null}}},"fnMap":{"0":{"name":"initializeRoutes","decl":{"start":{"line":5,"column":24},"end":{"line":5,"column":40}},"loc":{"start":{"line":5,"column":56},"end":{"line":15,"column":1}}}},"branchMap":{},"s":{"0":2,"1":2,"2":2,"3":2,"4":2,"5":2,"6":2,"7":2},"f":{"0":2},"b":{}}
,"D:\\Pae\\repositorioJuegos\\games-repository-api\\src\\routes\\ping.ts": {"path":"D:\\Pae\\repositorioJuegos\\games-repository-api\\src\\routes\\ping.ts","statementMap":{"0":{"start":{"line":1,"column":0},"end":{"line":1,"column":33}},"1":{"start":{"line":2,"column":0},"end":{"line":2,"column":53}},"2":{"start":{"line":4,"column":15},"end":{"line":4,"column":23}},"3":{"start":{"line":6,"column":0},"end":{"line":6,"column":44}},"4":{"start":{"line":8,"column":0},"end":{"line":8,"column":22}}},"fnMap":{},"branchMap":{},"s":{"0":2,"1":2,"2":2,"3":2,"4":2},"f":{},"b":{}}
,"D:\\Pae\\repositorioJuegos\\games-repository-api\\src\\services\\gameService.ts": {"path":"D:\\Pae\\repositorioJuegos\\games-repository-api\\src\\services\\gameService.ts","statementMap":{"0":{"start":{"line":2,"column":0},"end":{"line":2,"column":81}},"1":{"start":{"line":4,"column":14},"end":{"line":4,"column":32}},"2":{"start":{"line":12,"column":8},"end":{"line":12,"column":27}},"3":{"start":{"line":18,"column":8},"end":{"line":21,"column":9}},"4":{"start":{"line":19,"column":12},"end":{"line":19,"column":47}},"5":{"start":{"line":20,"column":12},"end":{"line":20,"column":34}},"6":{"start":{"line":22,"column":8},"end":{"line":22,"column":20}},"7":{"start":{"line":26,"column":39},"end":{"line":30,"column":10}},"8":{"start":{"line":33,"column":31},"end":{"line":43,"column":10}},"9":{"start":{"line":44,"column":8},"end":{"line":64,"column":9}},"10":{"start":{"line":45,"column":92},"end":{"line":45,"column":100}},"11":{"start":{"line":48,"column":12},"end":{"line":48,"column":24}},"12":{"start":{"line":49,"column":12},"end":{"line":49,"column":28}},"13":{"start":{"line":50,"column":12},"end":{"line":50,"column":28}},"14":{"start":{"line":51,"column":12},"end":{"line":51,"column":34}},"15":{"start":{"line":52,"column":12},"end":{"line":52,"column":36}},"16":{"start":{"line":53,"column":12},"end":{"line":53,"column":30}},"17":{"start":{"line":54,"column":12},"end":{"line":54,"column":38}},"18":{"start":{"line":55,"column":12},"end":{"line":55,"column":40}},"19":{"start":{"line":56,"column":12},"end":{"line":56,"column":28}},"20":{"start":{"line":59,"column":12},"end":{"line":63,"column":14}},"21":{"start":{"line":65,"column":8},"end":{"line":65,"column":25}},"22":{"start":{"line":66,"column":8},"end":{"line":66,"column":34}},"23":{"start":{"line":67,"column":8},"end":{"line":67,"column":19}},"24":{"start":{"line":71,"column":29},"end":{"line":71,"column":33}},"25":{"start":{"line":72,"column":39},"end":{"line":76,"column":null}},"26":{"start":{"line":77,"column":8},"end":{"line":77,"column":84}},"27":{"start":{"line":77,"column":44},"end":{"line":77,"column":84}},"28":{"start":{"line":77,"column":68},"end":{"line":77,"column":84}},"29":{"start":{"line":78,"column":8},"end":{"line":99,"column":9}},"30":{"start":{"line":79,"column":92},"end":{"line":79,"column":96}},"31":{"start":{"line":80,"column":37},"end":{"line":90,"column":14}},"32":{"start":{"line":92,"column":12},"end":{"line":92,"column":29}},"33":{"start":{"line":93,"column":12},"end":{"line":93,"column":29}},"34":{"start":{"line":94,"column":12},"end":{"line":94,"column":null}},"35":{"start":{"line":95,"column":12},"end":{"line":95,"column":23}},"36":{"start":{"line":98,"column":12},"end":{"line":98,"column":50}},"37":{"start":{"line":104,"column":8},"end":{"line":108,"column":null}},"38":{"start":{"line":109,"column":8},"end":{"line":145,"column":9}},"39":{"start":{"line":111,"column":12},"end":{"line":111,"column":107}},"40":{"start":{"line":111,"column":36},"end":{"line":111,"column":107}},"41":{"start":{"line":111,"column":70},"end":{"line":111,"column":107}},"42":{"start":{"line":114,"column":30},"end":{"line":114,"column":40}},"43":{"start":{"line":115,"column":36},"end":{"line":115,"column":117}},"44":{"start":{"line":116,"column":34},"end":{"line":116,"column":87}},"45":{"start":{"line":118,"column":30},"end":{"line":118,"column":54}},"46":{"start":{"line":119,"column":83},"end":{"line":119,"column":87}},"47":{"start":{"line":122,"column":34},"end":{"line":132,"column":14}},"48":{"start":{"line":135,"column":12},"end":{"line":135,"column":40}},"49":{"start":{"line":136,"column":12},"end":{"line":136,"column":29}},"50":{"start":{"line":137,"column":12},"end":{"line":140,"column":14}},"51":{"start":{"line":141,"column":12},"end":{"line":141,"column":39}},"52":{"start":{"line":144,"column":12},"end":{"line":144,"column":45}},"53":{"start":{"line":146,"column":8},"end":{"line":146,"column":19}},"54":{"start":{"line":150,"column":29},"end":{"line":150,"column":33}},"55":{"start":{"line":152,"column":8},"end":{"line":154,"column":9}},"56":{"start":{"line":152,"column":21},"end":{"line":152,"column":22}},"57":{"start":{"line":153,"column":12},"end":{"line":153,"column":67}},"58":{"start":{"line":153,"column":43},"end":{"line":153,"column":67}},"59":{"start":{"line":155,"column":8},"end":{"line":208,"column":9}},"60":{"start":{"line":156,"column":12},"end":{"line":185,"column":13}},"61":{"start":{"line":157,"column":16},"end":{"line":184,"column":17}},"62":{"start":{"line":159,"column":20},"end":{"line":183,"column":21}},"63":{"start":{"line":161,"column":28},"end":{"line":161,"column":84}},"64":{"start":{"line":162,"column":28},"end":{"line":162,"column":34}},"65":{"start":{"line":164,"column":28},"end":{"line":164,"column":87}},"66":{"start":{"line":165,"column":28},"end":{"line":165,"column":34}},"67":{"start":{"line":167,"column":28},"end":{"line":167,"column":90}},"68":{"start":{"line":168,"column":28},"end":{"line":168,"column":34}},"69":{"start":{"line":170,"column":28},"end":{"line":170,"column":85}},"70":{"start":{"line":171,"column":28},"end":{"line":171,"column":34}},"71":{"start":{"line":173,"column":28},"end":{"line":173,"column":91}},"72":{"start":{"line":174,"column":28},"end":{"line":174,"column":34}},"73":{"start":{"line":176,"column":28},"end":{"line":176,"column":90}},"74":{"start":{"line":177,"column":28},"end":{"line":177,"column":34}},"75":{"start":{"line":179,"column":28},"end":{"line":179,"column":84}},"76":{"start":{"line":180,"column":28},"end":{"line":180,"column":34}},"77":{"start":{"line":182,"column":28},"end":{"line":182,"column":34}},"78":{"start":{"line":186,"column":12},"end":{"line":186,"column":61}},"79":{"start":{"line":186,"column":33},"end":{"line":186,"column":61}},"80":{"start":{"line":187,"column":92},"end":{"line":187,"column":96}},"81":{"start":{"line":189,"column":43},"end":{"line":203,"column":null}},"82":{"start":{"line":204,"column":12},"end":{"line":204,"column":23}},"83":{"start":{"line":207,"column":12},"end":{"line":207,"column":45}},"84":{"start":{"line":7,"column":0},"end":{"line":7,"column":13}},"85":{"start":{"line":211,"column":0},"end":{"line":211,"column":27}}},"fnMap":{"0":{"name":"(anonymous_0)","decl":{"start":{"line":11,"column":4},"end":{"line":11,"column":null}},"loc":{"start":{"line":11,"column":4},"end":{"line":13,"column":5}}},"1":{"name":"(anonymous_1)","decl":{"start":{"line":15,"column":4},"end":{"line":15,"column":10}},"loc":{"start":{"line":15,"column":22},"end":{"line":23,"column":5}}},"2":{"name":"(anonymous_2)","decl":{"start":{"line":25,"column":4},"end":{"line":25,"column":16}},"loc":{"start":{"line":25,"column":16},"end":{"line":68,"column":5}}},"3":{"name":"(anonymous_3)","decl":{"start":{"line":70,"column":4},"end":{"line":70,"column":16}},"loc":{"start":{"line":70,"column":27},"end":{"line":100,"column":5}}},"4":{"name":"(anonymous_4)","decl":{"start":{"line":102,"column":4},"end":{"line":102,"column":14}},"loc":{"start":{"line":102,"column":28},"end":{"line":147,"column":5}}},"5":{"name":"(anonymous_5)","decl":{"start":{"line":149,"column":4},"end":{"line":149,"column":12}},"loc":{"start":{"line":149,"column":47},"end":{"line":209,"column":5}}}},"branchMap":{"0":{"loc":{"start":{"line":18,"column":8},"end":{"line":21,"column":9}},"type":"if","locations":[{"start":{"line":18,"column":8},"end":{"line":21,"column":9}}]},"1":{"loc":{"start":{"line":77,"column":44},"end":{"line":77,"column":84}},"type":"if","locations":[{"start":{"line":77,"column":44},"end":{"line":77,"column":84}}]},"2":{"loc":{"start":{"line":78,"column":8},"end":{"line":99,"column":9}},"type":"if","locations":[{"start":{"line":78,"column":8},"end":{"line":99,"column":9}},{"start":{"line":97,"column":15},"end":{"line":99,"column":9}}]},"3":{"loc":{"start":{"line":111,"column":36},"end":{"line":111,"column":107}},"type":"if","locations":[{"start":{"line":111,"column":36},"end":{"line":111,"column":107}}]},"4":{"loc":{"start":{"line":153,"column":12},"end":{"line":153,"column":67}},"type":"if","locations":[{"start":{"line":153,"column":12},"end":{"line":153,"column":67}}]},"5":{"loc":{"start":{"line":155,"column":8},"end":{"line":208,"column":9}},"type":"if","locations":[{"start":{"line":155,"column":8},"end":{"line":208,"column":9}},{"start":{"line":206,"column":13},"end":{"line":208,"column":9}}]},"6":{"loc":{"start":{"line":157,"column":16},"end":{"line":184,"column":17}},"type":"if","locations":[{"start":{"line":157,"column":16},"end":{"line":184,"column":17}}]},"7":{"loc":{"start":{"line":159,"column":20},"end":{"line":183,"column":21}},"type":"switch","locations":[{"start":{"line":160,"column":24},"end":{"line":162,"column":34}},{"start":{"line":163,"column":24},"end":{"line":165,"column":34}},{"start":{"line":166,"column":24},"end":{"line":168,"column":34}},{"start":{"line":169,"column":24},"end":{"line":171,"column":34}},{"start":{"line":172,"column":24},"end":{"line":174,"column":34}},{"start":{"line":175,"column":24},"end":{"line":177,"column":34}},{"start":{"line":178,"column":24},"end":{"line":180,"column":34}},{"start":{"line":181,"column":24},"end":{"line":182,"column":34}}]},"8":{"loc":{"start":{"line":186,"column":12},"end":{"line":186,"column":61}},"type":"if","locations":[{"start":{"line":186,"column":12},"end":{"line":186,"column":61}}]}},"s":{"0":6,"1":6,"2":25,"3":4,"4":4,"5":4,"6":0,"7":2,"8":2,"9":2,"10":0,"11":0,"12":0,"13":0,"14":0,"15":0,"16":0,"17":0,"18":0,"19":0,"20":0,"21":2,"22":2,"23":2,"24":3,"25":3,"26":3,"27":0,"28":0,"29":3,"30":0,"31":0,"32":0,"33":0,"34":0,"35":0,"36":3,"37":15,"38":15,"39":15,"40":21,"41":15,"42":0,"43":0,"44":0,"45":0,"46":0,"47":0,"48":0,"49":0,"50":0,"51":0,"52":15,"53":0,"54":3,"55":3,"56":3,"57":0,"58":0,"59":3,"60":0,"61":0,"62":0,"63":0,"64":0,"65":0,"66":0,"67":0,"68":0,"69":0,"70":0,"71":0,"72":0,"73":0,"74":0,"75":0,"76":0,"77":0,"78":0,"79":0,"80":0,"81":0,"82":0,"83":3,"84":6,"85":6},"f":{"0":25,"1":4,"2":2,"3":3,"4":15,"5":3},"b":{"0":[4],"1":[0],"2":[0,3],"3":[15],"4":[0],"5":[0,3],"6":[0],"7":[0,0,0,0,0,0,0,0],"8":[0]}}
}
