{"E:\\ARCHIVO\\Lenguajes de Programacion\\Java\\boot camp\\repositorioJuegos\\games-repository-api\\src\\middlewares\\errorMiddleware.ts": {"path":"E:\\ARCHIVO\\Lenguajes de Programacion\\Java\\boot camp\\repositorioJuegos\\games-repository-api\\src\\middlewares\\errorMiddleware.ts","statementMap":{"0":{"start":{"line":3,"column":24},"end":{"line":18,"column":1}},"1":{"start":{"line":9,"column":20},"end":{"line":9,"column":44}},"2":{"start":{"line":10,"column":17},"end":{"line":10,"column":27}},"3":{"start":{"line":11,"column":19},"end":{"line":11,"column":34}},"4":{"start":{"line":13,"column":2},"end":{"line":15,"column":4}},"5":{"start":{"line":17,"column":2},"end":{"line":17,"column":14}},"6":{"start":{"line":3,"column":13},"end":{"line":3,"column":24}},"7":{"start":{"line":20,"column":29},"end":{"line":33,"column":1}},"8":{"start":{"line":26,"column":21},"end":{"line":26,"column":42}},"9":{"start":{"line":28,"column":2},"end":{"line":31,"column":5}},"10":{"start":{"line":32,"column":2},"end":{"line":32,"column":14}},"11":{"start":{"line":20,"column":13},"end":{"line":20,"column":29}},"12":{"start":{"line":35,"column":28},"end":{"line":45,"column":1}},"13":{"start":{"line":41,"column":2},"end":{"line":44,"column":5}},"14":{"start":{"line":35,"column":13},"end":{"line":35,"column":28}}},"fnMap":{"0":{"name":"(anonymous_0)","decl":{"start":{"line":3,"column":24},"end":{"line":3,"column":null}},"loc":{"start":{"line":8,"column":4},"end":{"line":18,"column":1}}},"1":{"name":"(anonymous_1)","decl":{"start":{"line":20,"column":29},"end":{"line":20,"column":null}},"loc":{"start":{"line":25,"column":4},"end":{"line":33,"column":1}}},"2":{"name":"(anonymous_2)","decl":{"start":{"line":35,"column":28},"end":{"line":35,"column":null}},"loc":{"start":{"line":40,"column":4},"end":{"line":45,"column":1}}}},"branchMap":{"0":{"loc":{"start":{"line":26,"column":21},"end":{"line":26,"column":42}},"type":"binary-expr","locations":[{"start":{"line":26,"column":21},"end":{"line":26,"column":35}},{"start":{"line":26,"column":39},"end":{"line":26,"column":42}}]},"1":{"loc":{"start":{"line":30,"column":13},"end":{"line":30,"column":75}},"type":"cond-expr","locations":[{"start":{"line":30,"column":29},"end":{"line":30,"column":54}},{"start":{"line":30,"column":57},"end":{"line":30,"column":75}}]}},"s":{"0":2,"1":2,"2":2,"3":2,"4":2,"5":2,"6":2,"7":2,"8":3,"9":3,"10":3,"11":2,"12":2,"13":1,"14":2},"f":{"0":2,"1":3,"2":1},"b":{"0":[3,3],"1":[2,1]}}
,"E:\\ARCHIVO\\Lenguajes de Programacion\\Java\\boot camp\\repositorioJuegos\\games-repository-api\\src\\middlewares\\gameMiddleware.ts": {"path":"E:\\ARCHIVO\\Lenguajes de Programacion\\Java\\boot camp\\repositorioJuegos\\games-repository-api\\src\\middlewares\\gameMiddleware.ts","statementMap":{"0":{"start":{"line":2,"column":0},"end":{"line":2,"column":null}},"1":{"start":{"line":9,"column":27},"end":{"line":17,"column":1}},"2":{"start":{"line":14,"column":23},"end":{"line":14,"column":37}},"3":{"start":{"line":16,"column":2},"end":{"line":16,"column":29}},"4":{"start":{"line":9,"column":13},"end":{"line":9,"column":27}},"5":{"start":{"line":18,"column":27},"end":{"line":32,"column":1}},"6":{"start":{"line":23,"column":2},"end":{"line":31,"column":3}},"7":{"start":{"line":24,"column":19},"end":{"line":24,"column":29}},"8":{"start":{"line":25,"column":17},"end":{"line":25,"column":43}},"9":{"start":{"line":27,"column":4},"end":{"line":27,"column":31}},"10":{"start":{"line":29,"column":4},"end":{"line":29,"column":21}},"11":{"start":{"line":30,"column":4},"end":{"line":30,"column":14}},"12":{"start":{"line":18,"column":13},"end":{"line":18,"column":27}},"13":{"start":{"line":33,"column":24},"end":{"line":46,"column":1}},"14":{"start":{"line":38,"column":2},"end":{"line":45,"column":3}},"15":{"start":{"line":39,"column":21},"end":{"line":39,"column":24}},"16":{"start":{"line":40,"column":20},"end":{"line":40,"column":36}},"17":{"start":{"line":42,"column":4},"end":{"line":42,"column":34}},"18":{"start":{"line":44,"column":4},"end":{"line":44,"column":14}},"19":{"start":{"line":33,"column":13},"end":{"line":33,"column":24}},"20":{"start":{"line":47,"column":26},"end":{"line":64,"column":1}},"21":{"start":{"line":52,"column":2},"end":{"line":63,"column":3}},"22":{"start":{"line":55,"column":8},"end":{"line":55,"column":11}},"23":{"start":{"line":56,"column":21},"end":{"line":56,"column":24}},"24":{"start":{"line":58,"column":17},"end":{"line":58,"column":45}},"25":{"start":{"line":60,"column":4},"end":{"line":60,"column":31}},"26":{"start":{"line":62,"column":4},"end":{"line":62,"column":14}},"27":{"start":{"line":47,"column":13},"end":{"line":47,"column":26}}},"fnMap":{"0":{"name":"(anonymous_0)","decl":{"start":{"line":9,"column":27},"end":{"line":9,"column":null}},"loc":{"start":{"line":13,"column":10},"end":{"line":17,"column":1}}},"1":{"name":"(anonymous_1)","decl":{"start":{"line":18,"column":27},"end":{"line":18,"column":null}},"loc":{"start":{"line":22,"column":10},"end":{"line":32,"column":1}}},"2":{"name":"(anonymous_2)","decl":{"start":{"line":33,"column":24},"end":{"line":33,"column":null}},"loc":{"start":{"line":37,"column":10},"end":{"line":46,"column":1}}},"3":{"name":"(anonymous_3)","decl":{"start":{"line":47,"column":26},"end":{"line":47,"column":null}},"loc":{"start":{"line":51,"column":10},"end":{"line":64,"column":1}}}},"branchMap":{},"s":{"0":1,"1":1,"2":1,"3":1,"4":1,"5":1,"6":2,"7":2,"8":2,"9":1,"10":1,"11":1,"12":1,"13":1,"14":2,"15":2,"16":2,"17":1,"18":1,"19":1,"20":1,"21":2,"22":2,"23":2,"24":2,"25":1,"26":1,"27":1},"f":{"0":1,"1":2,"2":2,"3":2},"b":{}}
,"E:\\ARCHIVO\\Lenguajes de Programacion\\Java\\boot camp\\repositorioJuegos\\games-repository-api\\src\\middlewares\\pingMiddleware.ts": {"path":"E:\\ARCHIVO\\Lenguajes de Programacion\\Java\\boot camp\\repositorioJuegos\\games-repository-api\\src\\middlewares\\pingMiddleware.ts","statementMap":{"0":{"start":{"line":2,"column":23},"end":{"line":4,"column":1}},"1":{"start":{"line":3,"column":4},"end":{"line":3,"column":21}},"2":{"start":{"line":2,"column":13},"end":{"line":2,"column":23}}},"fnMap":{"0":{"name":"(anonymous_0)","decl":{"start":{"line":2,"column":23},"end":{"line":2,"column":24}},"loc":{"start":{"line":2,"column":55},"end":{"line":4,"column":1}}}},"branchMap":{},"s":{"0":1,"1":1,"2":1},"f":{"0":1},"b":{}}
,"E:\\ARCHIVO\\Lenguajes de Programacion\\Java\\boot camp\\repositorioJuegos\\games-repository-api\\src\\middlewares\\validateMiddleware.ts": {"path":"E:\\ARCHIVO\\Lenguajes de Programacion\\Java\\boot camp\\repositorioJuegos\\games-repository-api\\src\\middlewares\\validateMiddleware.ts","statementMap":{"0":{"start":{"line":8,"column":23},"end":{"line":67,"column":1}},"1":{"start":{"line":14,"column":2},"end":{"line":66,"column":3}},"2":{"start":{"line":24,"column":6},"end":{"line":27,"column":7}},"3":{"start":{"line":25,"column":8},"end":{"line":25,"column":24}},"4":{"start":{"line":26,"column":8},"end":{"line":26,"column":66}},"5":{"start":{"line":28,"column":6},"end":{"line":28,"column":12}},"6":{"start":{"line":33,"column":6},"end":{"line":36,"column":7}},"7":{"start":{"line":34,"column":8},"end":{"line":34,"column":24}},"8":{"start":{"line":35,"column":8},"end":{"line":35,"column":67}},"9":{"start":{"line":37,"column":6},"end":{"line":37,"column":12}},"10":{"start":{"line":39,"column":6},"end":{"line":48,"column":7}},"11":{"start":{"line":40,"column":8},"end":{"line":43,"column":9}},"12":{"start":{"line":41,"column":10},"end":{"line":41,"column":26}},"13":{"start":{"line":42,"column":10},"end":{"line":42,"column":null}},"14":{"start":{"line":44,"column":8},"end":{"line":47,"column":9}},"15":{"start":{"line":45,"column":10},"end":{"line":45,"column":26}},"16":{"start":{"line":46,"column":10},"end":{"line":46,"column":null}},"17":{"start":{"line":49,"column":6},"end":{"line":49,"column":12}},"18":{"start":{"line":51,"column":6},"end":{"line":62,"column":7}},"19":{"start":{"line":52,"column":8},"end":{"line":61,"column":9}},"20":{"start":{"line":53,"column":10},"end":{"line":56,"column":11}},"21":{"start":{"line":54,"column":12},"end":{"line":54,"column":28}},"22":{"start":{"line":55,"column":12},"end":{"line":55,"column":null}},"23":{"start":{"line":57,"column":10},"end":{"line":60,"column":11}},"24":{"start":{"line":58,"column":12},"end":{"line":58,"column":28}},"25":{"start":{"line":59,"column":12},"end":{"line":59,"column":null}},"26":{"start":{"line":63,"column":6},"end":{"line":63,"column":12}},"27":{"start":{"line":65,"column":6},"end":{"line":65,"column":12}},"28":{"start":{"line":69,"column":31},"end":{"line":103,"column":1}},"29":{"start":{"line":74,"column":33},"end":{"line":74,"column":41}},"30":{"start":{"line":76,"column":47},"end":{"line":91,"column":4}},"31":{"start":{"line":93,"column":2},"end":{"line":101,"column":3}},"32":{"start":{"line":95,"column":4},"end":{"line":98,"column":5}},"33":{"start":{"line":96,"column":6},"end":{"line":96,"column":22}},"34":{"start":{"line":97,"column":6},"end":{"line":97,"column":59}},"35":{"start":{"line":100,"column":4},"end":{"line":100,"column":43}},"36":{"start":{"line":102,"column":2},"end":{"line":102,"column":9}},"37":{"start":{"line":69,"column":13},"end":{"line":69,"column":31}},"38":{"start":{"line":105,"column":35},"end":{"line":138,"column":1}},"39":{"start":{"line":110,"column":39},"end":{"line":110,"column":47}},"40":{"start":{"line":112,"column":50},"end":{"line":127,"column":4}},"41":{"start":{"line":129,"column":2},"end":{"line":136,"column":3}},"42":{"start":{"line":130,"column":4},"end":{"line":133,"column":5}},"43":{"start":{"line":131,"column":6},"end":{"line":131,"column":22}},"44":{"start":{"line":132,"column":6},"end":{"line":132,"column":59}},"45":{"start":{"line":135,"column":4},"end":{"line":135,"column":43}},"46":{"start":{"line":137,"column":2},"end":{"line":137,"column":9}},"47":{"start":{"line":105,"column":13},"end":{"line":105,"column":35}},"48":{"start":{"line":140,"column":26},"end":{"line":150,"column":1}},"49":{"start":{"line":141,"column":21},"end":{"line":141,"column":34}},"50":{"start":{"line":143,"column":2},"end":{"line":147,"column":3}},"51":{"start":{"line":145,"column":4},"end":{"line":145,"column":20}},"52":{"start":{"line":146,"column":4},"end":{"line":146,"column":51}},"53":{"start":{"line":149,"column":2},"end":{"line":149,"column":9}},"54":{"start":{"line":140,"column":13},"end":{"line":140,"column":26}}},"fnMap":{"0":{"name":"(anonymous_0)","decl":{"start":{"line":8,"column":23},"end":{"line":8,"column":null}},"loc":{"start":{"line":13,"column":4},"end":{"line":67,"column":1}}},"1":{"name":"(anonymous_1)","decl":{"start":{"line":69,"column":31},"end":{"line":69,"column":null}},"loc":{"start":{"line":73,"column":4},"end":{"line":103,"column":1}}},"2":{"name":"(anonymous_2)","decl":{"start":{"line":105,"column":35},"end":{"line":105,"column":null}},"loc":{"start":{"line":109,"column":4},"end":{"line":138,"column":1}}},"3":{"name":"(anonymous_3)","decl":{"start":{"line":140,"column":26},"end":{"line":140,"column":27}},"loc":{"start":{"line":140,"column":78},"end":{"line":150,"column":1}}}},"branchMap":{"0":{"loc":{"start":{"line":14,"column":2},"end":{"line":66,"column":3}},"type":"switch","locations":[{"start":{"line":17,"column":4},"end":{"line":17,"column":16}},{"start":{"line":18,"column":4},"end":{"line":18,"column":20}},{"start":{"line":19,"column":4},"end":{"line":19,"column":19}},{"start":{"line":20,"column":4},"end":{"line":20,"column":18}},{"start":{"line":21,"column":4},"end":{"line":21,"column":17}},{"start":{"line":22,"column":4},"end":{"line":22,"column":17}},{"start":{"line":23,"column":4},"end":{"line":28,"column":12}},{"start":{"line":29,"column":4},"end":{"line":29,"column":22}},{"start":{"line":30,"column":4},"end":{"line":30,"column":20}},{"start":{"line":31,"column":4},"end":{"line":31,"column":21}},{"start":{"line":32,"column":4},"end":{"line":37,"column":12}},{"start":{"line":38,"column":4},"end":{"line":49,"column":12}},{"start":{"line":50,"column":4},"end":{"line":63,"column":12}},{"start":{"line":64,"column":4},"end":{"line":65,"column":12}}]},"1":{"loc":{"start":{"line":24,"column":6},"end":{"line":27,"column":7}},"type":"if","locations":[{"start":{"line":24,"column":6},"end":{"line":27,"column":7}}]},"2":{"loc":{"start":{"line":33,"column":6},"end":{"line":36,"column":7}},"type":"if","locations":[{"start":{"line":33,"column":6},"end":{"line":36,"column":7}}]},"3":{"loc":{"start":{"line":39,"column":6},"end":{"line":48,"column":7}},"type":"if","locations":[{"start":{"line":39,"column":6},"end":{"line":48,"column":7}}]},"4":{"loc":{"start":{"line":40,"column":8},"end":{"line":43,"column":9}},"type":"if","locations":[{"start":{"line":40,"column":8},"end":{"line":43,"column":9}}]},"5":{"loc":{"start":{"line":44,"column":8},"end":{"line":47,"column":9}},"type":"if","locations":[{"start":{"line":44,"column":8},"end":{"line":47,"column":9}}]},"6":{"loc":{"start":{"line":51,"column":6},"end":{"line":62,"column":7}},"type":"if","locations":[{"start":{"line":51,"column":6},"end":{"line":62,"column":7}}]},"7":{"loc":{"start":{"line":53,"column":10},"end":{"line":56,"column":11}},"type":"if","locations":[{"start":{"line":53,"column":10},"end":{"line":56,"column":11}}]},"8":{"loc":{"start":{"line":57,"column":10},"end":{"line":60,"column":11}},"type":"if","locations":[{"start":{"line":57,"column":10},"end":{"line":60,"column":11}}]},"9":{"loc":{"start":{"line":95,"column":4},"end":{"line":98,"column":5}},"type":"if","locations":[{"start":{"line":95,"column":4},"end":{"line":98,"column":5}}]},"10":{"loc":{"start":{"line":130,"column":4},"end":{"line":133,"column":5}},"type":"if","locations":[{"start":{"line":130,"column":4},"end":{"line":133,"column":5}}]},"11":{"loc":{"start":{"line":143,"column":2},"end":{"line":147,"column":3}},"type":"if","locations":[{"start":{"line":143,"column":2},"end":{"line":147,"column":3}}]}},"s":{"0":1,"1":94,"2":54,"3":7,"4":7,"5":54,"6":26,"7":4,"8":4,"9":26,"10":6,"11":5,"12":1,"13":1,"14":5,"15":1,"16":1,"17":6,"18":6,"19":5,"20":5,"21":1,"22":1,"23":5,"24":1,"25":1,"26":6,"27":2,"28":1,"29":6,"30":6,"31":6,"32":84,"33":13,"34":13,"35":84,"36":6,"37":1,"38":1,"39":4,"40":4,"41":4,"42":10,"43":2,"44":2,"45":10,"46":4,"47":1,"48":1,"49":4,"50":4,"51":2,"52":2,"53":4,"54":1},"f":{"0":94,"1":6,"2":4,"3":4},"b":{"0":[8,16,24,30,36,42,54,6,12,18,26,6,6,2],"1":[7],"2":[4],"3":[5],"4":[1],"5":[1],"6":[5],"7":[1],"8":[1],"9":[13],"10":[2],"11":[2]}}
,"E:\\ARCHIVO\\Lenguajes de Programacion\\Java\\boot camp\\repositorioJuegos\\games-repository-api\\src\\models\\game.ts": {"path":"E:\\ARCHIVO\\Lenguajes de Programacion\\Java\\boot camp\\repositorioJuegos\\games-repository-api\\src\\models\\game.ts","statementMap":{"0":{"start":{"line":47,"column":4},"end":{"line":47,"column":30}},"1":{"start":{"line":48,"column":4},"end":{"line":48,"column":34}},"2":{"start":{"line":49,"column":4},"end":{"line":49,"column":42}},"3":{"start":{"line":50,"column":4},"end":{"line":50,"column":40}},"4":{"start":{"line":51,"column":4},"end":{"line":51,"column":46}},"5":{"start":{"line":52,"column":4},"end":{"line":52,"column":44}},"6":{"start":{"line":53,"column":4},"end":{"line":53,"column":36}},"7":{"start":{"line":54,"column":4},"end":{"line":54,"column":38}},"8":{"start":{"line":55,"column":4},"end":{"line":55,"column":36}},"9":{"start":{"line":56,"column":4},"end":{"line":56,"column":34}},"10":{"start":{"line":57,"column":4},"end":{"line":57,"column":36}},"11":{"start":{"line":58,"column":4},"end":{"line":58,"column":36}},"12":{"start":{"line":59,"column":4},"end":{"line":59,"column":40}},"13":{"start":{"line":60,"column":4},"end":{"line":60,"column":34}},"14":{"start":{"line":61,"column":4},"end":{"line":61,"column":42}},"15":{"start":{"line":65,"column":4},"end":{"line":65,"column":20}},"16":{"start":{"line":69,"column":4},"end":{"line":69,"column":21}},"17":{"start":{"line":73,"column":4},"end":{"line":73,"column":22}},"18":{"start":{"line":77,"column":4},"end":{"line":77,"column":23}},"19":{"start":{"line":81,"column":4},"end":{"line":81,"column":26}},"20":{"start":{"line":85,"column":4},"end":{"line":85,"column":27}},"21":{"start":{"line":89,"column":4},"end":{"line":89,"column":25}},"22":{"start":{"line":93,"column":4},"end":{"line":93,"column":26}},"23":{"start":{"line":97,"column":4},"end":{"line":97,"column":28}},"24":{"start":{"line":101,"column":4},"end":{"line":101,"column":29}},"25":{"start":{"line":105,"column":4},"end":{"line":105,"column":27}},"26":{"start":{"line":109,"column":4},"end":{"line":109,"column":28}},"27":{"start":{"line":113,"column":4},"end":{"line":113,"column":23}},"28":{"start":{"line":117,"column":4},"end":{"line":117,"column":24}},"29":{"start":{"line":121,"column":4},"end":{"line":121,"column":24}},"30":{"start":{"line":125,"column":4},"end":{"line":125,"column":25}},"31":{"start":{"line":129,"column":4},"end":{"line":129,"column":23}},"32":{"start":{"line":133,"column":4},"end":{"line":133,"column":24}},"33":{"start":{"line":137,"column":4},"end":{"line":137,"column":22}},"34":{"start":{"line":141,"column":4},"end":{"line":141,"column":23}},"35":{"start":{"line":145,"column":4},"end":{"line":145,"column":23}},"36":{"start":{"line":149,"column":4},"end":{"line":149,"column":24}},"37":{"start":{"line":153,"column":4},"end":{"line":153,"column":23}},"38":{"start":{"line":157,"column":4},"end":{"line":157,"column":24}},"39":{"start":{"line":161,"column":4},"end":{"line":161,"column":25}},"40":{"start":{"line":165,"column":4},"end":{"line":165,"column":26}},"41":{"start":{"line":169,"column":4},"end":{"line":169,"column":22}},"42":{"start":{"line":173,"column":4},"end":{"line":173,"column":23}},"43":{"start":{"line":177,"column":4},"end":{"line":177,"column":26}},"44":{"start":{"line":181,"column":4},"end":{"line":181,"column":27}},"45":{"start":{"line":29,"column":0},"end":{"line":29,"column":13}}},"fnMap":{"0":{"name":"(anonymous_0)","decl":{"start":{"line":46,"column":2},"end":{"line":46,"column":14}},"loc":{"start":{"line":46,"column":32},"end":{"line":62,"column":3}}},"1":{"name":"(anonymous_1)","decl":{"start":{"line":64,"column":2},"end":{"line":64,"column":13}},"loc":{"start":{"line":64,"column":15},"end":{"line":66,"column":3}}},"2":{"name":"(anonymous_2)","decl":{"start":{"line":68,"column":2},"end":{"line":68,"column":13}},"loc":{"start":{"line":68,"column":29},"end":{"line":70,"column":3}}},"3":{"name":"(anonymous_3)","decl":{"start":{"line":72,"column":2},"end":{"line":72,"column":13}},"loc":{"start":{"line":72,"column":17},"end":{"line":74,"column":3}}},"4":{"name":"(anonymous_4)","decl":{"start":{"line":76,"column":2},"end":{"line":76,"column":13}},"loc":{"start":{"line":76,"column":31},"end":{"line":78,"column":3}}},"5":{"name":"(anonymous_5)","decl":{"start":{"line":80,"column":2},"end":{"line":80,"column":13}},"loc":{"start":{"line":80,"column":21},"end":{"line":82,"column":3}}},"6":{"name":"(anonymous_6)","decl":{"start":{"line":84,"column":2},"end":{"line":84,"column":13}},"loc":{"start":{"line":84,"column":35},"end":{"line":86,"column":3}}},"7":{"name":"(anonymous_7)","decl":{"start":{"line":88,"column":2},"end":{"line":88,"column":13}},"loc":{"start":{"line":88,"column":20},"end":{"line":90,"column":3}}},"8":{"name":"(anonymous_8)","decl":{"start":{"line":92,"column":2},"end":{"line":92,"column":13}},"loc":{"start":{"line":92,"column":34},"end":{"line":94,"column":3}}},"9":{"name":"(anonymous_9)","decl":{"start":{"line":96,"column":2},"end":{"line":96,"column":13}},"loc":{"start":{"line":96,"column":23},"end":{"line":98,"column":3}}},"10":{"name":"(anonymous_10)","decl":{"start":{"line":100,"column":2},"end":{"line":100,"column":13}},"loc":{"start":{"line":100,"column":39},"end":{"line":102,"column":3}}},"11":{"name":"(anonymous_11)","decl":{"start":{"line":104,"column":2},"end":{"line":104,"column":13}},"loc":{"start":{"line":104,"column":22},"end":{"line":106,"column":3}}},"12":{"name":"(anonymous_12)","decl":{"start":{"line":108,"column":2},"end":{"line":108,"column":13}},"loc":{"start":{"line":108,"column":38},"end":{"line":110,"column":3}}},"13":{"name":"(anonymous_13)","decl":{"start":{"line":112,"column":2},"end":{"line":112,"column":13}},"loc":{"start":{"line":112,"column":18},"end":{"line":114,"column":3}}},"14":{"name":"(anonymous_14)","decl":{"start":{"line":116,"column":2},"end":{"line":116,"column":13}},"loc":{"start":{"line":116,"column":34},"end":{"line":118,"column":3}}},"15":{"name":"(anonymous_15)","decl":{"start":{"line":120,"column":2},"end":{"line":120,"column":13}},"loc":{"start":{"line":120,"column":19},"end":{"line":122,"column":3}}},"16":{"name":"(anonymous_16)","decl":{"start":{"line":124,"column":2},"end":{"line":124,"column":13}},"loc":{"start":{"line":124,"column":33},"end":{"line":126,"column":3}}},"17":{"name":"(anonymous_17)","decl":{"start":{"line":128,"column":2},"end":{"line":128,"column":13}},"loc":{"start":{"line":128,"column":18},"end":{"line":130,"column":3}}},"18":{"name":"(anonymous_18)","decl":{"start":{"line":132,"column":2},"end":{"line":132,"column":13}},"loc":{"start":{"line":132,"column":32},"end":{"line":134,"column":3}}},"19":{"name":"(anonymous_19)","decl":{"start":{"line":136,"column":2},"end":{"line":136,"column":13}},"loc":{"start":{"line":136,"column":17},"end":{"line":138,"column":3}}},"20":{"name":"(anonymous_20)","decl":{"start":{"line":140,"column":2},"end":{"line":140,"column":13}},"loc":{"start":{"line":140,"column":31},"end":{"line":142,"column":3}}},"21":{"name":"(anonymous_21)","decl":{"start":{"line":144,"column":2},"end":{"line":144,"column":13}},"loc":{"start":{"line":144,"column":18},"end":{"line":146,"column":3}}},"22":{"name":"(anonymous_22)","decl":{"start":{"line":148,"column":2},"end":{"line":148,"column":13}},"loc":{"start":{"line":148,"column":35},"end":{"line":150,"column":3}}},"23":{"name":"(anonymous_23)","decl":{"start":{"line":152,"column":2},"end":{"line":152,"column":13}},"loc":{"start":{"line":152,"column":18},"end":{"line":154,"column":3}}},"24":{"name":"(anonymous_24)","decl":{"start":{"line":156,"column":2},"end":{"line":156,"column":13}},"loc":{"start":{"line":156,"column":32},"end":{"line":158,"column":3}}},"25":{"name":"(anonymous_25)","decl":{"start":{"line":160,"column":2},"end":{"line":160,"column":13}},"loc":{"start":{"line":160,"column":20},"end":{"line":162,"column":3}}},"26":{"name":"(anonymous_26)","decl":{"start":{"line":164,"column":2},"end":{"line":164,"column":13}},"loc":{"start":{"line":164,"column":42},"end":{"line":166,"column":3}}},"27":{"name":"(anonymous_27)","decl":{"start":{"line":168,"column":2},"end":{"line":168,"column":13}},"loc":{"start":{"line":168,"column":17},"end":{"line":170,"column":3}}},"28":{"name":"(anonymous_28)","decl":{"start":{"line":172,"column":2},"end":{"line":172,"column":13}},"loc":{"start":{"line":172,"column":31},"end":{"line":174,"column":3}}},"29":{"name":"(anonymous_29)","decl":{"start":{"line":176,"column":2},"end":{"line":176,"column":13}},"loc":{"start":{"line":176,"column":21},"end":{"line":178,"column":3}}},"30":{"name":"(anonymous_30)","decl":{"start":{"line":180,"column":2},"end":{"line":180,"column":13}},"loc":{"start":{"line":180,"column":37},"end":{"line":182,"column":3}}}},"branchMap":{},"s":{"0":4,"1":4,"2":4,"3":4,"4":4,"5":4,"6":4,"7":4,"8":4,"9":4,"10":4,"11":4,"12":4,"13":4,"14":4,"15":0,"16":0,"17":0,"18":0,"19":0,"20":0,"21":0,"22":0,"23":0,"24":0,"25":0,"26":0,"27":0,"28":0,"29":0,"30":0,"31":0,"32":0,"33":0,"34":0,"35":0,"36":0,"37":0,"38":0,"39":0,"40":0,"41":1,"42":1,"43":0,"44":0,"45":2},"f":{"0":4,"1":0,"2":0,"3":0,"4":0,"5":0,"6":0,"7":0,"8":0,"9":0,"10":0,"11":0,"12":0,"13":0,"14":0,"15":0,"16":0,"17":0,"18":0,"19":0,"20":0,"21":0,"22":0,"23":0,"24":0,"25":0,"26":0,"27":1,"28":1,"29":0,"30":0},"b":{}}
,"E:\\ARCHIVO\\Lenguajes de Programacion\\Java\\boot camp\\repositorioJuegos\\games-repository-api\\src\\services\\gameService.ts": {"path":"E:\\ARCHIVO\\Lenguajes de Programacion\\Java\\boot camp\\repositorioJuegos\\games-repository-api\\src\\services\\gameService.ts","statementMap":{"0":{"start":{"line":3,"column":0},"end":{"line":3,"column":null}},"1":{"start":{"line":10,"column":14},"end":{"line":10,"column":24}},"2":{"start":{"line":12,"column":28},"end":{"line":14,"column":1}},"3":{"start":{"line":13,"column":2},"end":{"line":13,"column":26}},"4":{"start":{"line":12,"column":13},"end":{"line":12,"column":28}},"5":{"start":{"line":16,"column":28},"end":{"line":18,"column":1}},"6":{"start":{"line":17,"column":2},"end":{"line":17,"column":29}},"7":{"start":{"line":16,"column":13},"end":{"line":16,"column":28}},"8":{"start":{"line":20,"column":26},"end":{"line":23,"column":1}},"9":{"start":{"line":21,"column":2},"end":{"line":21,"column":31}},"10":{"start":{"line":22,"column":2},"end":{"line":22,"column":17}},"11":{"start":{"line":20,"column":13},"end":{"line":20,"column":26}},"12":{"start":{"line":25,"column":24},"end":{"line":27,"column":1}},"13":{"start":{"line":26,"column":2},"end":{"line":26,"column":23}},"14":{"start":{"line":25,"column":13},"end":{"line":25,"column":24}}},"fnMap":{"0":{"name":"(anonymous_0)","decl":{"start":{"line":12,"column":28},"end":{"line":12,"column":44}},"loc":{"start":{"line":12,"column":46},"end":{"line":14,"column":1}}},"1":{"name":"(anonymous_1)","decl":{"start":{"line":16,"column":28},"end":{"line":16,"column":29}},"loc":{"start":{"line":16,"column":49},"end":{"line":18,"column":1}}},"2":{"name":"(anonymous_2)","decl":{"start":{"line":20,"column":26},"end":{"line":20,"column":27}},"loc":{"start":{"line":20,"column":47},"end":{"line":23,"column":1}}},"3":{"name":"(anonymous_3)","decl":{"start":{"line":25,"column":24},"end":{"line":25,"column":25}},"loc":{"start":{"line":25,"column":57},"end":{"line":27,"column":1}}}},"branchMap":{},"s":{"0":1,"1":1,"2":1,"3":1,"4":1,"5":1,"6":1,"7":1,"8":1,"9":1,"10":1,"11":1,"12":1,"13":1,"14":1},"f":{"0":1,"1":1,"2":1,"3":1},"b":{}}
,"E:\\ARCHIVO\\Lenguajes de Programacion\\Java\\boot camp\\repositorioJuegos\\games-repository-api\\src\\utils\\errors.ts": {"path":"E:\\ARCHIVO\\Lenguajes de Programacion\\Java\\boot camp\\repositorioJuegos\\games-repository-api\\src\\utils\\errors.ts","statementMap":{"0":{"start":{"line":3,"column":8},"end":{"line":3,"column":23}},"1":{"start":{"line":2,"column":40},"end":{"line":2,"column":58}},"2":{"start":{"line":4,"column":8},"end":{"line":4,"column":34}},"3":{"start":{"line":1,"column":0},"end":{"line":1,"column":13}}},"fnMap":{"0":{"name":"(anonymous_0)","decl":{"start":{"line":2,"column":4},"end":{"line":2,"column":16}},"loc":{"start":{"line":2,"column":58},"end":{"line":5,"column":5}}}},"branchMap":{},"s":{"0":3,"1":3,"2":3,"3":1},"f":{"0":3},"b":{}}
}
