TN:
SF:src\middlewares\errorMiddleware.ts
FN:3,(anonymous_0)
FN:20,(anonymous_1)
FN:35,(anonymous_2)
FNF:3
FNH:3
FNDA:2,(anonymous_0)
FNDA:3,(anonymous_1)
FNDA:1,(anonymous_2)
DA:3,2
DA:9,2
DA:10,2
DA:11,2
DA:13,2
DA:17,2
DA:20,2
DA:26,3
DA:28,3
DA:32,3
DA:35,2
DA:41,1
LF:12
LH:12
BRDA:26,0,0,3
BRDA:26,0,1,3
BRDA:30,1,0,2
BRDA:30,1,1,1
BRF:4
BRH:4
end_of_record
TN:
SF:src\middlewares\gameMiddleware.ts
FN:9,(anonymous_0)
FN:18,(anonymous_1)
FN:33,(anonymous_2)
FN:47,(anonymous_3)
FNF:4
FNH:4
FNDA:1,(anonymous_0)
FNDA:2,(anonymous_1)
FNDA:2,(anonymous_2)
FNDA:2,(anonymous_3)
DA:2,1
DA:9,1
DA:14,1
DA:16,1
DA:18,1
DA:23,2
DA:24,2
DA:25,2
DA:27,1
DA:29,1
DA:30,1
DA:33,1
DA:38,2
DA:39,2
DA:40,2
DA:42,1
DA:44,1
DA:47,1
DA:52,2
DA:55,2
DA:56,2
DA:58,2
DA:60,1
DA:62,1
LF:24
LH:24
BRF:0
BRH:0
end_of_record
TN:
SF:src\middlewares\pingMiddleware.ts
FN:2,(anonymous_0)
FNF:1
FNH:1
FNDA:1,(anonymous_0)
DA:2,1
DA:3,1
LF:2
LH:2
BRF:0
BRH:0
end_of_record
TN:
SF:src\middlewares\validateMiddleware.ts
FN:8,(anonymous_0)
FN:69,(anonymous_1)
FN:105,(anonymous_2)
FN:140,(anonymous_3)
FNF:4
FNH:4
FNDA:94,(anonymous_0)
FNDA:6,(anonymous_1)
FNDA:4,(anonymous_2)
FNDA:4,(anonymous_3)
DA:8,1
DA:14,94
DA:24,54
DA:25,7
DA:26,7
DA:28,54
DA:33,26
DA:34,4
DA:35,4
DA:37,26
DA:39,6
DA:40,5
DA:41,1
DA:42,1
DA:44,5
DA:45,1
DA:46,1
DA:49,6
DA:51,6
DA:52,5
DA:53,5
DA:54,1
DA:55,1
DA:57,5
DA:58,1
DA:59,1
DA:63,6
DA:65,2
DA:69,1
DA:74,6
DA:76,6
DA:93,6
DA:95,84
DA:96,13
DA:97,13
DA:100,84
DA:102,6
DA:105,1
DA:110,4
DA:112,4
DA:129,4
DA:130,10
DA:131,2
DA:132,2
DA:135,10
DA:137,4
DA:140,1
DA:141,4
DA:143,4
DA:145,2
DA:146,2
DA:149,4
LF:52
LH:52
BRDA:14,0,0,8
BRDA:14,0,1,16
BRDA:14,0,2,24
BRDA:14,0,3,30
BRDA:14,0,4,36
BRDA:14,0,5,42
BRDA:14,0,6,54
BRDA:14,0,7,6
BRDA:14,0,8,12
BRDA:14,0,9,18
BRDA:14,0,10,26
BRDA:14,0,11,6
BRDA:14,0,12,6
BRDA:14,0,13,2
BRDA:24,1,0,7
BRDA:33,2,0,4
BRDA:39,3,0,5
BRDA:40,4,0,1
BRDA:44,5,0,1
BRDA:51,6,0,5
BRDA:53,7,0,1
BRDA:57,8,0,1
BRDA:95,9,0,13
BRDA:130,10,0,2
BRDA:143,11,0,2
BRF:25
BRH:25
end_of_record
TN:
SF:src\models\game.ts
FN:46,(anonymous_0)
FN:64,(anonymous_1)
FN:68,(anonymous_2)
FN:72,(anonymous_3)
FN:76,(anonymous_4)
FN:80,(anonymous_5)
FN:84,(anonymous_6)
FN:88,(anonymous_7)
FN:92,(anonymous_8)
FN:96,(anonymous_9)
FN:100,(anonymous_10)
FN:104,(anonymous_11)
FN:108,(anonymous_12)
FN:112,(anonymous_13)
FN:116,(anonymous_14)
FN:120,(anonymous_15)
FN:124,(anonymous_16)
FN:128,(anonymous_17)
FN:132,(anonymous_18)
FN:136,(anonymous_19)
FN:140,(anonymous_20)
FN:144,(anonymous_21)
FN:148,(anonymous_22)
FN:152,(anonymous_23)
FN:156,(anonymous_24)
FN:160,(anonymous_25)
FN:164,(anonymous_26)
FN:168,(anonymous_27)
FN:172,(anonymous_28)
FN:176,(anonymous_29)
FN:180,(anonymous_30)
FNF:31
FNH:3
FNDA:4,(anonymous_0)
FNDA:0,(anonymous_1)
FNDA:0,(anonymous_2)
FNDA:0,(anonymous_3)
FNDA:0,(anonymous_4)
FNDA:0,(anonymous_5)
FNDA:0,(anonymous_6)
FNDA:0,(anonymous_7)
FNDA:0,(anonymous_8)
FNDA:0,(anonymous_9)
FNDA:0,(anonymous_10)
FNDA:0,(anonymous_11)
FNDA:0,(anonymous_12)
FNDA:0,(anonymous_13)
FNDA:0,(anonymous_14)
FNDA:0,(anonymous_15)
FNDA:0,(anonymous_16)
FNDA:0,(anonymous_17)
FNDA:0,(anonymous_18)
FNDA:0,(anonymous_19)
FNDA:0,(anonymous_20)
FNDA:0,(anonymous_21)
FNDA:0,(anonymous_22)
FNDA:0,(anonymous_23)
FNDA:0,(anonymous_24)
FNDA:0,(anonymous_25)
FNDA:0,(anonymous_26)
FNDA:1,(anonymous_27)
FNDA:1,(anonymous_28)
FNDA:0,(anonymous_29)
FNDA:0,(anonymous_30)
DA:29,2
DA:47,4
DA:48,4
DA:49,4
DA:50,4
DA:51,4
DA:52,4
DA:53,4
DA:54,4
DA:55,4
DA:56,4
DA:57,4
DA:58,4
DA:59,4
DA:60,4
DA:61,4
DA:65,0
DA:69,0
DA:73,0
DA:77,0
DA:81,0
DA:85,0
DA:89,0
DA:93,0
DA:97,0
DA:101,0
DA:105,0
DA:109,0
DA:113,0
DA:117,0
DA:121,0
DA:125,0
DA:129,0
DA:133,0
DA:137,0
DA:141,0
DA:145,0
DA:149,0
DA:153,0
DA:157,0
DA:161,0
DA:165,0
DA:169,1
DA:173,1
DA:177,0
DA:181,0
LF:46
LH:18
BRF:0
BRH:0
end_of_record
TN:
SF:src\services\gameService.ts
FN:12,(anonymous_0)
FN:16,(anonymous_1)
FN:20,(anonymous_2)
FN:25,(anonymous_3)
FNF:4
FNH:4
FNDA:1,(anonymous_0)
FNDA:1,(anonymous_1)
FNDA:1,(anonymous_2)
FNDA:1,(anonymous_3)
DA:3,1
DA:10,1
DA:12,1
DA:13,1
DA:16,1
DA:17,1
DA:20,1
DA:21,1
DA:22,1
DA:25,1
DA:26,1
LF:11
LH:11
BRF:0
BRH:0
end_of_record
TN:
SF:src\utils\errors.ts
FN:2,(anonymous_0)
FNF:1
FNH:1
FNDA:3,(anonymous_0)
DA:1,1
DA:2,3
DA:3,3
DA:4,3
LF:4
LH:4
BRF:0
BRH:0
end_of_record
