TN:
SF:src\app.ts
FNF:0
FNH:0
DA:1,2
DA:3,2
DA:4,2
DA:7,2
DA:8,2
DA:9,2
DA:10,2
DA:11,2
DA:15,2
LF:9
LH:9
BRF:0
BRH:0
end_of_record
TN:
SF:src\config\database.ts
FNF:0
FNH:0
DA:1,1
DA:2,1
DA:3,1
DA:5,1
DA:9,1
DA:12,1
DA:23,1
LF:7
LH:7
BRF:0
BRH:0
end_of_record
TN:
SF:src\config\general.ts
FNF:0
FNH:0
DA:2,2
DA:5,2
DA:7,2
LF:3
LH:3
BRDA:8,0,0,2
BRDA:8,0,1,0
BRDA:10,1,0,2
BRDA:10,1,1,0
BRF:4
BRH:2
end_of_record
TN:
SF:src\controllers\ping.ts
FN:4,(anonymous_0)
FNF:1
FNH:1
FNDA:2,(anonymous_0)
DA:3,4
DA:5,2
LF:2
LH:2
BRF:0
BRH:0
end_of_record
TN:
SF:src\middlewares\errorHandler.ts
FN:3,(anonymous_0)
FN:18,(anonymous_1)
FNF:2
FNH:2
FNDA:2,(anonymous_0)
FNDA:2,(anonymous_1)
DA:3,3
DA:4,2
DA:5,2
DA:6,2
DA:8,2
DA:12,2
DA:18,3
DA:19,2
DA:21,2
DA:25,2
LF:10
LH:10
BRDA:19,0,0,2
BRDA:19,0,1,0
BRDA:23,1,0,2
BRDA:23,1,1,0
BRF:4
BRH:2
end_of_record
TN:
SF:src\middlewares\middlewareGames.ts
FN:6,(anonymous_0)
FN:31,(anonymous_1)
FN:48,(anonymous_2)
FN:65,(anonymous_3)
FNF:4
FNH:4
FNDA:33,(anonymous_0)
FNDA:4,(anonymous_1)
FNDA:4,(anonymous_2)
FNDA:5,(anonymous_3)
DA:6,5
DA:7,33
DA:13,23
DA:14,3
DA:15,3
DA:17,23
DA:20,9
DA:21,1
DA:22,1
DA:24,9
DA:26,1
DA:31,5
DA:32,4
DA:34,4
DA:36,4
DA:37,28
DA:38,4
DA:39,4
DA:43,28
DA:45,4
DA:48,5
DA:49,4
DA:51,4
DA:53,4
DA:54,5
DA:55,1
DA:56,1
DA:59,5
DA:61,4
DA:65,5
DA:66,5
DA:67,5
DA:68,1
DA:69,1
DA:72,5
DA:73,3
DA:74,3
DA:78,5
LF:38
LH:38
BRDA:7,0,0,7
BRDA:7,0,1,11
BRDA:7,0,2,15
BRDA:7,0,3,19
BRDA:7,0,4,23
BRDA:7,0,5,4
BRDA:7,0,6,9
BRDA:7,0,7,1
BRDA:13,1,0,3
BRDA:20,2,0,1
BRDA:37,3,0,4
BRDA:54,4,0,1
BRDA:67,5,0,1
BRDA:72,6,0,3
BRF:14
BRH:14
end_of_record
TN:
SF:src\models\Person.ts
FNF:0
FNH:0
DA:2,1
DA:11,1
DA:12,1
DA:14,1
LF:4
LH:4
BRF:0
BRH:0
end_of_record
TN:
SF:src\models\game.ts
FN:27,(anonymous_0)
FN:40,(anonymous_1)
FN:43,(anonymous_2)
FN:46,(anonymous_3)
FN:49,(anonymous_4)
FN:52,(anonymous_5)
FN:55,(anonymous_6)
FN:58,(anonymous_7)
FN:61,(anonymous_8)
FN:64,(anonymous_9)
FN:69,(anonymous_10)
FN:72,(anonymous_11)
FN:75,(anonymous_12)
FN:78,(anonymous_13)
FN:81,(anonymous_14)
FN:84,(anonymous_15)
FN:87,(anonymous_16)
FN:90,(anonymous_17)
FNF:18
FNH:18
FNDA:3,(anonymous_0)
FNDA:2,(anonymous_1)
FNDA:3,(anonymous_2)
FNDA:3,(anonymous_3)
FNDA:3,(anonymous_4)
FNDA:2,(anonymous_5)
FNDA:2,(anonymous_6)
FNDA:2,(anonymous_7)
FNDA:2,(anonymous_8)
FNDA:2,(anonymous_9)
FNDA:1,(anonymous_10)
FNDA:1,(anonymous_11)
FNDA:1,(anonymous_12)
FNDA:1,(anonymous_13)
FNDA:1,(anonymous_14)
FNDA:1,(anonymous_15)
FNDA:1,(anonymous_16)
FNDA:1,(anonymous_17)
DA:15,7
DA:28,3
DA:29,3
DA:30,3
DA:31,3
DA:32,3
DA:33,3
DA:34,3
DA:35,3
DA:36,3
DA:41,2
DA:44,3
DA:47,3
DA:50,3
DA:53,2
DA:56,2
DA:59,2
DA:62,2
DA:65,2
DA:70,1
DA:73,1
DA:76,1
DA:79,1
DA:82,1
DA:85,1
DA:88,1
DA:91,1
LF:27
LH:27
BRF:0
BRH:0
end_of_record
TN:
SF:src\routes\gamesRouter.ts
FN:9,(anonymous_1)
FN:23,(anonymous_2)
FN:41,(anonymous_3)
FN:58,(anonymous_4)
FNF:4
FNH:1
FNDA:2,(anonymous_1)
FNDA:0,(anonymous_2)
FNDA:0,(anonymous_3)
FNDA:0,(anonymous_4)
DA:2,4
DA:3,4
DA:4,4
DA:6,4
DA:7,4
DA:9,4
DA:10,2
DA:11,2
DA:12,2
DA:13,2
DA:14,2
DA:16,0
DA:20,0
DA:23,4
DA:25,0
DA:26,0
DA:27,0
DA:28,0
DA:29,0
DA:30,0
DA:33,0
DA:37,0
DA:41,4
DA:42,0
DA:43,0
DA:44,0
DA:45,0
DA:46,0
DA:47,0
DA:50,0
DA:54,0
DA:58,4
DA:60,0
DA:62,0
DA:63,0
DA:64,0
DA:65,0
DA:66,0
DA:67,0
DA:69,0
DA:73,0
DA:77,4
LF:42
LH:15
BRDA:11,0,0,2
BRDA:11,0,1,0
BRDA:26,1,0,0
BRDA:26,1,1,0
BRDA:43,2,0,0
BRDA:43,2,1,0
BRDA:62,3,0,0
BRDA:62,3,1,0
BRF:8
BRH:1
end_of_record
TN:
SF:src\routes\index.ts
FN:5,initializeRoutes
FNF:1
FNH:1
FNDA:2,initializeRoutes
DA:1,2
DA:2,2
DA:3,2
DA:5,2
DA:11,2
DA:12,2
DA:13,2
DA:14,2
LF:8
LH:8
BRF:0
BRH:0
end_of_record
TN:
SF:src\routes\ping.ts
FNF:0
FNH:0
DA:1,2
DA:2,2
DA:4,2
DA:6,2
DA:8,2
LF:5
LH:5
BRF:0
BRH:0
end_of_record
TN:
SF:src\services\gameService.ts
FN:11,(anonymous_0)
FN:15,(anonymous_1)
FN:25,(anonymous_2)
FN:70,(anonymous_3)
FN:102,(anonymous_4)
FN:149,(anonymous_5)
FNF:6
FNH:6
FNDA:25,(anonymous_0)
FNDA:4,(anonymous_1)
FNDA:2,(anonymous_2)
FNDA:3,(anonymous_3)
FNDA:15,(anonymous_4)
FNDA:3,(anonymous_5)
DA:2,6
DA:4,6
DA:7,6
DA:12,25
DA:18,4
DA:19,4
DA:20,4
DA:22,0
DA:26,2
DA:33,2
DA:44,2
DA:45,0
DA:48,0
DA:49,0
DA:50,0
DA:51,0
DA:52,0
DA:53,0
DA:54,0
DA:55,0
DA:56,0
DA:59,0
DA:65,2
DA:66,2
DA:67,2
DA:71,3
DA:72,3
DA:77,3
DA:78,3
DA:79,0
DA:80,0
DA:92,0
DA:93,0
DA:94,0
DA:95,0
DA:98,3
DA:104,15
DA:109,15
DA:111,21
DA:114,0
DA:115,0
DA:116,0
DA:118,0
DA:119,0
DA:122,0
DA:135,0
DA:136,0
DA:137,0
DA:141,0
DA:144,15
DA:146,0
DA:150,3
DA:152,3
DA:153,0
DA:155,3
DA:156,0
DA:157,0
DA:159,0
DA:161,0
DA:162,0
DA:164,0
DA:165,0
DA:167,0
DA:168,0
DA:170,0
DA:171,0
DA:173,0
DA:174,0
DA:176,0
DA:177,0
DA:179,0
DA:180,0
DA:182,0
DA:186,0
DA:187,0
DA:189,0
DA:204,0
DA:207,3
DA:211,6
LF:79
LH:27
BRDA:18,0,0,4
BRDA:77,1,0,0
BRDA:78,2,0,0
BRDA:78,2,1,3
BRDA:111,3,0,15
BRDA:153,4,0,0
BRDA:155,5,0,0
BRDA:155,5,1,3
BRDA:157,6,0,0
BRDA:159,7,0,0
BRDA:159,7,1,0
BRDA:159,7,2,0
BRDA:159,7,3,0
BRDA:159,7,4,0
BRDA:159,7,5,0
BRDA:159,7,6,0
BRDA:159,7,7,0
BRDA:186,8,0,0
BRF:18
BRH:4
end_of_record
